<?xml version="1.0" encoding="UTF-8"?>
<!-- Generated by org.testng.reporters.JUnitXMLReporter -->
<testsuite hostname="TSMMICDEVTEST" ignored="0" name="Test" tests="1" failures="1" timestamp="02 May 2018 13:12:12 GMT" time="28.431" errors="0">
  <testcase name="ratePolicy" time="25.97" classname="com.mm.testcase.TestCase_RateAPolicy">
    <failure type="java.lang.AssertionError" message="expected [This Policy No - Q09101299-NB18-01 is currently locked, please check.] but found [true]">
      <![CDATA[java.lang.AssertionError: expected [This Policy No - Q09101299-NB18-01 is currently locked, please check.] but found [true]
at com.mm.page.objects.rateaPolicyPage.searchRate(rateaPolicyPage.java:70)
at com.mm.testcase.TestCase_RateAPolicy.ratePolicy(TestCase_RateAPolicy.java:41)
... Removed 30 stack frames]]>
    </failure>
  </testcase> <!-- ratePolicy -->
</testsuite> <!-- Test -->
